Der Buildvorgang wurde am 10.09.2015 13:24:57 gestartet.
     1>Projekt "E:\CppProjects\switcher\switcher\switcher.vcxproj" auf Knoten "2", Rebuild Ziel(e).
     1>ClCompile:
         E:\Programme (x86)\Microsoft Visual Studio 12.0\VC\bin\CL.exe /c /Zi /nologo /W3 /WX- /sdl /O2 /Oi /Oy- /GL /D WIN32 /D NDEBUG /D _CONSOLE /D _LIB /D _UNICODE /D UNICODE /Gm- /EHsc /MD /GS /Gy /fp:precise /Zc:wchar_t /Zc:forScope /Yc"stdafx.h" /Fp"Release\switcher.pch" /Fo"Release\\" /Fd"Release\vc120.pdb" /Gd /TP /analyze- /errorReport:prompt stdafx.cpp
         stdafx.cpp
         E:\Programme (x86)\Microsoft Visual Studio 12.0\VC\bin\CL.exe /c /Zi /nologo /W3 /WX- /sdl /O2 /Oi /Oy- /GL /D WIN32 /D NDEBUG /D _CONSOLE /D _LIB /D _UNICODE /D UNICODE /Gm- /EHsc /MD /GS /Gy /fp:precise /Zc:wchar_t /Zc:forScope /Fo"Release\\" /Fd"Release\vc120.pdb" /Gd /TP /analyze- /errorReport:prompt FileParser.cpp GameValueProvider.cpp injector.cpp IOHandler.cpp ServerGraph.cpp ServerSwapper.cpp SocketManager.cpp SSSIdle.cpp SSSServerFinder.cpp SSSServerJoiner.cpp SSSServerListNavigator.cpp SSSSpawnAndPositioner.cpp SSState.cpp switcher.cpp
         FileParser.cpp
         GameValueProvider.cpp
     1>GameValueProvider.cpp(82): warning C4172: Adresse einer lokalen Variablen oder eines temporären Werts wird zurückgegeben
     1>GameValueProvider.cpp(156): warning C4800: 'int': Variable wird auf booleschen Wert ('True' oder 'False') gesetzt (Auswirkungen auf Leistungsverhalten möglich)
     1>GameValueProvider.cpp(175): warning C4800: 'int': Variable wird auf booleschen Wert ('True' oder 'False') gesetzt (Auswirkungen auf Leistungsverhalten möglich)
         injector.cpp
     1>injector.cpp(244): warning C4018: '<': Konflikt zwischen 'signed' und 'unsigned'
     1>injector.cpp(259): warning C4018: '<': Konflikt zwischen 'signed' und 'unsigned'
         IOHandler.cpp
     1>IOHandler.cpp(2): warning C4005: '_WIN32_WINNT': Makro-Neudefinition
                 C:\Program Files (x86)\Windows Kits\8.1\Include\shared\sdkddkver.h(200): Siehe vorherige Definition von '_WIN32_WINNT'
     1>IOHandler.cpp(80): warning C4244: 'Argument': Konvertierung von 'double' in 'int', möglicher Datenverlust
     1>IOHandler.cpp(90): warning C4172: Adresse einer lokalen Variablen oder eines temporären Werts wird zurückgegeben
     1>IOHandler.cpp(152): warning C4101: 'hMenuPopup': Unreferenzierte lokale Variable
     1>IOHandler.cpp(171): warning C4101: 'rect': Unreferenzierte lokale Variable
     1>IOHandler.cpp(254): warning C4101: 'res': Unreferenzierte lokale Variable
         ServerGraph.cpp
         ServerSwapper.cpp
         SocketManager.cpp
         SSSIdle.cpp
         SSSServerFinder.cpp
         SSSServerJoiner.cpp
         SSSServerListNavigator.cpp
         SSSSpawnAndPositioner.cpp
         SSState.cpp
         switcher.cpp
       Link:
         E:\Programme (x86)\Microsoft Visual Studio 12.0\VC\bin\link.exe /ERRORREPORT:PROMPT /OUT:"E:\CppProjects\switcher\Release\switcher.exe" /INCREMENTAL:NO /NOLOGO kernel32.lib user32.lib gdi32.lib winspool.lib comdlg32.lib advapi32.lib shell32.lib ole32.lib oleaut32.lib uuid.lib odbc32.lib odbccp32.lib /MANIFEST /MANIFESTUAC:"level='requireAdministrator' uiAccess='false'" /manifest:embed /DEBUG /PDB:"E:\CppProjects\switcher\Release\switcher.pdb" /SUBSYSTEM:CONSOLE /OPT:REF /OPT:ICF /LTCG /TLBID:1 /DYNAMICBASE /NXCOMPAT /IMPLIB:"E:\CppProjects\switcher\Release\switcher.lib" /MACHINE:X86 /SAFESEH Release\FileParser.obj
         Release\GameValueProvider.obj
         Release\injector.obj
         Release\IOHandler.obj
         Release\ServerGraph.obj
         Release\ServerSwapper.obj
         Release\SocketManager.obj
         Release\SSSIdle.obj
         Release\SSSServerFinder.obj
         Release\SSSServerJoiner.obj
         Release\SSSServerListNavigator.obj
         Release\SSSSpawnAndPositioner.obj
         Release\SSState.obj
         Release\stdafx.obj
         Release\switcher.obj
         Code wird generiert.
     1>e:\cppprojects\switcher\switcher\iohandler.cpp(146): warning C4715: "RegisterWindowClass": Nicht alle Steuerelementpfade geben einen Wert zurück.
         Codegenerierung ist abgeschlossen.
         switcher.vcxproj -> E:\CppProjects\switcher\Release\switcher.exe
     1>Die Erstellung des Projekts "E:\CppProjects\switcher\switcher\switcher.vcxproj" ist abgeschlossen, Rebuild Ziel(e).

Build erfolgreich.

Verstrichene Zeit 00:00:21.31
