e:\cppprojects\switcher\switcher\release\switcher.pch
e:\cppprojects\switcher\switcher\release\vc120.pdb
e:\cppprojects\switcher\switcher\release\stdafx.obj
e:\cppprojects\switcher\switcher\release\switcher.obj
e:\cppprojects\switcher\switcher\release\ssstate.obj
e:\cppprojects\switcher\switcher\release\sssspawnandpositioner.obj
e:\cppprojects\switcher\switcher\release\sssserverlistnavigator.obj
e:\cppprojects\switcher\switcher\release\sssserverjoiner.obj
e:\cppprojects\switcher\switcher\release\sssserverfinder.obj
e:\cppprojects\switcher\switcher\release\sssidle.obj
e:\cppprojects\switcher\switcher\release\socketmanager.obj
e:\cppprojects\switcher\switcher\release\serverswapper.obj
e:\cppprojects\switcher\switcher\release\servergraph.obj
e:\cppprojects\switcher\switcher\release\iohandler.obj
e:\cppprojects\switcher\switcher\release\injector.obj
e:\cppprojects\switcher\switcher\release\gamevalueprovider.obj
e:\cppprojects\switcher\switcher\release\fileparser.obj
e:\cppprojects\switcher\release\switcher.exe
e:\cppprojects\switcher\release\switcher.pdb
e:\cppprojects\switcher\switcher\release\switcher.tlog\cl.command.1.tlog
e:\cppprojects\switcher\switcher\release\switcher.tlog\cl.read.1.tlog
e:\cppprojects\switcher\switcher\release\switcher.tlog\cl.write.1.tlog
e:\cppprojects\switcher\switcher\release\switcher.tlog\link.command.1.tlog
e:\cppprojects\switcher\switcher\release\switcher.tlog\link.read.1.tlog
e:\cppprojects\switcher\switcher\release\switcher.tlog\link.write.1.tlog
