Der Buildvorgang wurde am 10.06.2015 09:59:21 gestartet.
     1>Projekt "E:\CppProjects\switcher\switcher\switcher.vcxproj" auf Knoten "2", Rebuild Ziel(e).
     1>ClCompile:
         E:\Programme (x86)\Microsoft Visual Studio 12.0\VC\bin\x86_amd64\CL.exe /c /Zi /nologo /W3 /WX- /sdl /Od /D WIN32 /D _DEBUG /D _CONSOLE /D _LIB /D _CRT_SECURE_NO_WARNINGS /D _WINSOCK_DEPRECATED_NO_WARNINGS /D _UNICODE /D UNICODE /Gm /EHsc /RTC1 /MDd /GS /fp:precise /Zc:wchar_t /Zc:forScope /Yc"stdafx.h" /Fp"x64\Debug\switcher.pch" /Fo"x64\Debug\\" /Fd"x64\Debug\vc120.pdb" /Gd /TP /errorReport:prompt stdafx.cpp
         stdafx.cpp
         E:\Programme (x86)\Microsoft Visual Studio 12.0\VC\bin\x86_amd64\CL.exe /c /Zi /nologo /W3 /WX- /sdl /Od /D WIN32 /D _DEBUG /D _CONSOLE /D _LIB /D _CRT_SECURE_NO_WARNINGS /D _WINSOCK_DEPRECATED_NO_WARNINGS /D _UNICODE /D UNICODE /Gm /EHsc /RTC1 /MDd /GS /fp:precise /Zc:wchar_t /Zc:forScope /Fo"x64\Debug\\" /Fd"x64\Debug\vc120.pdb" /Gd /TP /errorReport:prompt FileParser.cpp GameValueProvider.cpp injector.cpp IOHandler.cpp ServerGraph.cpp ServerSwapper.cpp SocketManager.cpp SSSIdle.cpp SSSServerFinder.cpp SSSServerJoiner.cpp SSSServerListNavigator.cpp SSSSpawnAndPositioner.cpp SSState.cpp switcher.cpp
         switcher.cpp
         SSState.cpp
         SSSSpawnAndPositioner.cpp
         SSSServerListNavigator.cpp
         SSSServerJoiner.cpp
         SSSServerFinder.cpp
         SSSIdle.cpp
         SocketManager.cpp
         ServerSwapper.cpp
         ServerGraph.cpp
         IOHandler.cpp
     1>IOHandler.cpp(2): warning C4005: '_WIN32_WINNT': Makro-Neudefinition
                 C:\Program Files (x86)\Windows Kits\8.1\Include\shared\sdkddkver.h(200): Siehe vorherige Definition von '_WIN32_WINNT'
     1>IOHandler.cpp(125): warning C4244: 'Argument': Konvertierung von 'double' in 'int', möglicher Datenverlust
     1>IOHandler.cpp(135): warning C4172: Adresse einer lokalen Variablen oder eines temporären Werts wird zurückgegeben
         injector.cpp
     1>injector.cpp(50): warning C4267: '=': Konvertierung von 'size_t' nach 'int', Datenverlust möglich
         GameValueProvider.cpp
     1>GameValueProvider.cpp(69): warning C4172: Adresse einer lokalen Variablen oder eines temporären Werts wird zurückgegeben
     1>GameValueProvider.cpp(132): warning C4800: 'int': Variable wird auf booleschen Wert ('True' oder 'False') gesetzt (Auswirkungen auf Leistungsverhalten möglich)
     1>GameValueProvider.cpp(151): warning C4800: 'int': Variable wird auf booleschen Wert ('True' oder 'False') gesetzt (Auswirkungen auf Leistungsverhalten möglich)
         FileParser.cpp
         Code wird generiert...
       Link:
         E:\Programme (x86)\Microsoft Visual Studio 12.0\VC\bin\x86_amd64\link.exe /ERRORREPORT:PROMPT /OUT:"E:\CppProjects\switcher\x64\Debug\switcher.exe" /INCREMENTAL /NOLOGO kernel32.lib user32.lib gdi32.lib winspool.lib comdlg32.lib advapi32.lib shell32.lib ole32.lib oleaut32.lib uuid.lib odbc32.lib odbccp32.lib /MANIFEST /MANIFESTUAC:"level='asInvoker' uiAccess='false'" /manifest:embed /DEBUG /PDB:"E:\CppProjects\switcher\x64\Debug\switcher.pdb" /SUBSYSTEM:CONSOLE /TLBID:1 /DYNAMICBASE /NXCOMPAT /IMPLIB:"E:\CppProjects\switcher\x64\Debug\switcher.lib" /MACHINE:X64 x64\Debug\FileParser.obj
         x64\Debug\GameValueProvider.obj
         x64\Debug\injector.obj
         x64\Debug\IOHandler.obj
         x64\Debug\ServerGraph.obj
         x64\Debug\ServerSwapper.obj
         x64\Debug\SocketManager.obj
         x64\Debug\SSSIdle.obj
         x64\Debug\SSSServerFinder.obj
         x64\Debug\SSSServerJoiner.obj
         x64\Debug\SSSServerListNavigator.obj
         x64\Debug\SSSSpawnAndPositioner.obj
         x64\Debug\SSState.obj
         x64\Debug\stdafx.obj
         x64\Debug\switcher.obj
         switcher.vcxproj -> E:\CppProjects\switcher\x64\Debug\switcher.exe
     1>Die Erstellung des Projekts "E:\CppProjects\switcher\switcher\switcher.vcxproj" ist abgeschlossen, Rebuild Ziel(e).

Build erfolgreich.

Verstrichene Zeit 00:00:13.60
