Der Buildvorgang wurde am 29.06.2015 13:23:46 gestartet.
     1>Projekt "E:\CppProjects\switcher\switcher\switcher.vcxproj" auf Knoten "2", Build Ziel(e).
     1>ClCompile:
         E:\Programme (x86)\Microsoft Visual Studio 12.0\VC\bin\CL.exe /c /ZI /nologo /W3 /WX- /sdl /Od /Oy- /D WIN32 /D _DEBUG /D _CONSOLE /D _LIB /D _CRT_SECURE_NO_WARNINGS /D _WINSOCK_DEPRECATED_NO_WARNINGS /D _UNICODE /D UNICODE /Gm /EHsc /RTC1 /MDd /GS /fp:precise /Zc:wchar_t /Zc:forScope /Fo"Debug\\" /Fd"Debug\vc120.pdb" /Gd /TP /analyze- /errorReport:prompt GameValueProvider.cpp
         GameValueProvider.cpp
     1>e:\cppprojects\switcher\switcher\gamevalueprovider.cpp(69): warning C4172: Adresse einer lokalen Variablen oder eines temporären Werts wird zurückgegeben
     1>e:\cppprojects\switcher\switcher\gamevalueprovider.cpp(144): warning C4800: 'int': Variable wird auf booleschen Wert ('True' oder 'False') gesetzt (Auswirkungen auf Leistungsverhalten möglich)
     1>e:\cppprojects\switcher\switcher\gamevalueprovider.cpp(163): warning C4800: 'int': Variable wird auf booleschen Wert ('True' oder 'False') gesetzt (Auswirkungen auf Leistungsverhalten möglich)
       Link:
         E:\Programme (x86)\Microsoft Visual Studio 12.0\VC\bin\link.exe /ERRORREPORT:PROMPT /OUT:"E:\CppProjects\switcher\Debug\switcher.exe" /INCREMENTAL /NOLOGO kernel32.lib user32.lib gdi32.lib winspool.lib comdlg32.lib advapi32.lib shell32.lib ole32.lib oleaut32.lib uuid.lib odbc32.lib odbccp32.lib /MANIFEST /MANIFESTUAC:"level='asInvoker' uiAccess='false'" /manifest:embed /DEBUG /PDB:"E:\CppProjects\switcher\Debug\switcher.pdb" /SUBSYSTEM:CONSOLE /TLBID:1 /DYNAMICBASE /NXCOMPAT /IMPLIB:"E:\CppProjects\switcher\Debug\switcher.lib" /MACHINE:X86 Debug\FileParser.obj
         Debug\GameValueProvider.obj
         Debug\injector.obj
         Debug\IOHandler.obj
         Debug\ServerGraph.obj
         Debug\ServerSwapper.obj
         Debug\SocketManager.obj
         Debug\SSSIdle.obj
         Debug\SSSServerFinder.obj
         Debug\SSSServerJoiner.obj
         Debug\SSSServerListNavigator.obj
         Debug\SSSSpawnAndPositioner.obj
         Debug\SSState.obj
         Debug\stdafx.obj
         Debug\switcher.obj
     1>stdafx.obj : warning LNK4099: PDB "vc120.pdb" wurde nicht mit "stdafx.obj" oder an "E:\CppProjects\switcher\Debug\vc120.pdb" gefunden; Objekt wird verkn³pft, als ob keine Debuginformationen vorhanden wõren.
     1>injector.obj : warning LNK4099: PDB "vc120.pdb" wurde nicht mit "injector.obj" oder an "E:\CppProjects\switcher\Debug\vc120.pdb" gefunden; Objekt wird verkn³pft, als ob keine Debuginformationen vorhanden wõren.
         switcher.vcxproj -> E:\CppProjects\switcher\Debug\switcher.exe
     1>Die Erstellung des Projekts "E:\CppProjects\switcher\switcher\switcher.vcxproj" ist abgeschlossen, Build Ziel(e).

Build erfolgreich.

Verstrichene Zeit 00:00:04.90
