e:\cppprojects\switcher\switcher\debug\switcher.pch
e:\cppprojects\switcher\switcher\debug\vc120.pdb
e:\cppprojects\switcher\switcher\debug\vc120.idb
e:\cppprojects\switcher\switcher\debug\stdafx.obj
e:\cppprojects\switcher\switcher\debug\fileparser.obj
e:\cppprojects\switcher\switcher\debug\gamevalueprovider.obj
e:\cppprojects\switcher\switcher\debug\injector.obj
e:\cppprojects\switcher\switcher\debug\servergraph.obj
e:\cppprojects\switcher\switcher\debug\serverswapper.obj
e:\cppprojects\switcher\switcher\debug\socketmanager.obj
e:\cppprojects\switcher\switcher\debug\sssidle.obj
e:\cppprojects\switcher\switcher\debug\sssserverfinder.obj
e:\cppprojects\switcher\switcher\debug\sssserverjoiner.obj
e:\cppprojects\switcher\switcher\debug\sssserverlistnavigator.obj
e:\cppprojects\switcher\switcher\debug\sssspawnandpositioner.obj
e:\cppprojects\switcher\switcher\debug\ssstate.obj
e:\cppprojects\switcher\switcher\debug\switcher.obj
e:\cppprojects\switcher\switcher\debug\switcher.tlog\cl.command.1.tlog
e:\cppprojects\switcher\switcher\debug\switcher.tlog\cl.read.1.tlog
e:\cppprojects\switcher\switcher\debug\switcher.tlog\cl.write.1.tlog
